<?xml version="1.0" encoding="UTF-8"?>
<!-- Generated by org.testng.reporters.JUnitReportReporter -->
<testsuite hostname="DESKTOP-JS8U9JP" name="pack.Google" tests="1" failures="0" timestamp="10 Nov 2019 05:44:58 GMT" time="21.778" errors="0">
  <testcase name="login" time="21.778" classname="pack.Google"/>
</testsuite> <!-- pack.Google -->
