<?xml version="1.0" encoding="UTF-8"?>
<!-- Generated by org.testng.reporters.JUnitReportReporter -->
<testsuite hostname="DESKTOP-JS8U9JP" name="pack.Flipkart" tests="1" failures="0" timestamp="10 Nov 2019 05:44:58 GMT" time="28.047" errors="0">
  <testcase name="login" time="28.047" classname="pack.Flipkart"/>
</testsuite> <!-- pack.Flipkart -->
