<?xml version="1.0" encoding="UTF-8"?>
<!-- Generated by org.testng.reporters.JUnitReportReporter -->
<testsuite hostname="DESKTOP-JS8U9JP" name="pack.Facebook" tests="2" failures="0" timestamp="10 Nov 2019 05:38:02 GMT" time="63.200" errors="0">
  <testcase name="login2" time="26.730" classname="pack.Facebook"/>
  <testcase name="login" time="36.470" classname="pack.Facebook"/>
</testsuite> <!-- pack.Facebook -->
