<?xml version="1.0" encoding="UTF-8"?>
<!-- Generated by org.testng.reporters.JUnitReportReporter -->
<testsuite hostname="DESKTOP-JS8U9JP" name="pack.SnapDeal" tests="1" failures="0" timestamp="10 Nov 2019 05:41:12 GMT" time="123.300" errors="0">
  <testcase name="login" time="123.300" classname="pack.SnapDeal"/>
</testsuite> <!-- pack.SnapDeal -->
