<?xml version="1.0" encoding="UTF-8"?>
<!-- Generated by org.testng.reporters.JUnitReportReporter -->
<testsuite hostname="DESKTOP-JS8U9JP" name="pack.Flipkart" tests="1" failures="0" timestamp="9 Nov 2019 16:56:50 GMT" time="135.130" errors="0">
  <testcase name="login" time="135.130" classname="pack.Flipkart"/>
</testsuite> <!-- pack.Flipkart -->
